<?xml version="1.0" encoding="UTF-8"?>
<testsuite name="dev.zhen.daoTests.ExpenseDaoTests" tests="6" skipped="0" failures="0" errors="0" timestamp="2021-02-26T22:43:29" hostname="DESKTOP-GEQKLKM" time="10.073">
  <properties/>
  <testcase name="create_expense_test()" classname="dev.zhen.daoTests.ExpenseDaoTests" time="1.422"/>
  <testcase name="get_all_expense_test()" classname="dev.zhen.daoTests.ExpenseDaoTests" time="1.658"/>
  <testcase name="get_all_expense_by_employee_id()" classname="dev.zhen.daoTests.ExpenseDaoTests" time="1.603"/>
  <testcase name="get_expense_by_id()" classname="dev.zhen.daoTests.ExpenseDaoTests" time="1.048"/>
  <testcase name="update_expense_by_id()" classname="dev.zhen.daoTests.ExpenseDaoTests" time="1.619"/>
  <testcase name="delete_expense_by_id()" classname="dev.zhen.daoTests.ExpenseDaoTests" time="2.717"/>
  <system-out><![CDATA[]]></system-out>
  <system-err><![CDATA[]]></system-err>
</testsuite>
